2022/12/03 21:26:06 [notice] 1#1: using the "epoll" event method
2022/12/03 21:26:06 [notice] 1#1: nginx/1.20.2
2022/12/03 21:26:06 [notice] 1#1: built by gcc 10.2.1 20210110 (Debian 10.2.1-6) 
2022/12/03 21:26:06 [notice] 1#1: OS: Linux 5.10.104-linuxkit
2022/12/03 21:26:06 [notice] 1#1: getrlimit(RLIMIT_NOFILE): 1048576:1048576
2022/12/03 21:26:06 [notice] 1#1: start worker processes
2022/12/03 21:26:06 [notice] 1#1: start worker process 31
2022/12/03 21:26:06 [notice] 1#1: start worker process 32
2022/12/03 21:26:06 [notice] 1#1: start worker process 33
2022/12/03 21:26:06 [notice] 1#1: start worker process 34
2022/12/03 21:26:06 [notice] 1#1: start worker process 35
2022/12/03 21:26:06 [notice] 1#1: start worker process 36
2022/12/04 08:08:42 [notice] 1#1: using the "epoll" event method
2022/12/04 08:08:42 [notice] 1#1: nginx/1.20.2
2022/12/04 08:08:42 [notice] 1#1: built by gcc 10.2.1 20210110 (Debian 10.2.1-6) 
2022/12/04 08:08:42 [notice] 1#1: OS: Linux 5.10.104-linuxkit
2022/12/04 08:08:42 [notice] 1#1: getrlimit(RLIMIT_NOFILE): 1048576:1048576
2022/12/04 08:08:42 [notice] 1#1: start worker processes
2022/12/04 08:08:42 [notice] 1#1: start worker process 30
2022/12/04 08:08:42 [notice] 1#1: start worker process 31
2022/12/04 08:08:42 [notice] 1#1: start worker process 32
2022/12/04 08:08:42 [notice] 1#1: start worker process 33
2022/12/04 08:08:42 [notice] 1#1: start worker process 34
2022/12/04 08:08:42 [notice] 1#1: start worker process 35
2022/12/04 08:48:58 [notice] 1#1: using the "epoll" event method
2022/12/04 08:48:58 [notice] 1#1: nginx/1.20.2
2022/12/04 08:48:58 [notice] 1#1: built by gcc 10.2.1 20210110 (Debian 10.2.1-6) 
2022/12/04 08:48:58 [notice] 1#1: OS: Linux 5.10.104-linuxkit
2022/12/04 08:48:58 [notice] 1#1: getrlimit(RLIMIT_NOFILE): 1048576:1048576
2022/12/04 08:48:58 [notice] 1#1: start worker processes
2022/12/04 08:48:58 [notice] 1#1: start worker process 30
2022/12/04 08:48:58 [notice] 1#1: start worker process 31
2022/12/04 08:48:58 [notice] 1#1: start worker process 32
2022/12/04 08:48:58 [notice] 1#1: start worker process 33
2022/12/04 08:48:58 [notice] 1#1: start worker process 34
2022/12/04 08:48:58 [notice] 1#1: start worker process 35
2022/12/04 09:08:48 [notice] 1#1: using the "epoll" event method
2022/12/04 09:08:48 [notice] 1#1: nginx/1.20.2
2022/12/04 09:08:48 [notice] 1#1: built by gcc 10.2.1 20210110 (Debian 10.2.1-6) 
2022/12/04 09:08:48 [notice] 1#1: OS: Linux 5.10.104-linuxkit
2022/12/04 09:08:48 [notice] 1#1: getrlimit(RLIMIT_NOFILE): 1048576:1048576
2022/12/04 09:08:48 [notice] 1#1: start worker processes
2022/12/04 09:08:48 [notice] 1#1: start worker process 30
2022/12/04 09:08:48 [notice] 1#1: start worker process 31
2022/12/04 09:08:48 [notice] 1#1: start worker process 32
2022/12/04 09:08:48 [notice] 1#1: start worker process 33
2022/12/04 09:08:48 [notice] 1#1: start worker process 34
2022/12/04 09:08:48 [notice] 1#1: start worker process 35
2022/12/04 09:11:40 [notice] 1#1: using the "epoll" event method
2022/12/04 09:11:40 [notice] 1#1: nginx/1.20.2
2022/12/04 09:11:40 [notice] 1#1: built by gcc 10.2.1 20210110 (Debian 10.2.1-6) 
2022/12/04 09:11:40 [notice] 1#1: OS: Linux 5.10.104-linuxkit
2022/12/04 09:11:40 [notice] 1#1: getrlimit(RLIMIT_NOFILE): 1048576:1048576
2022/12/04 09:11:40 [notice] 1#1: start worker processes
2022/12/04 09:11:40 [notice] 1#1: start worker process 29
2022/12/04 09:11:40 [notice] 1#1: start worker process 30
2022/12/04 09:11:40 [notice] 1#1: start worker process 31
2022/12/04 09:11:40 [notice] 1#1: start worker process 32
2022/12/04 09:11:40 [notice] 1#1: start worker process 33
2022/12/04 09:11:40 [notice] 1#1: start worker process 34
